<?xml version="1.0" encoding="UTF-8"?>
<testsuite xmlns:xsi="http://www.w3.org/2001/XMLSchema-instance" xsi:noNamespaceSchemaLocation="https://maven.apache.org/surefire/maven-surefire-plugin/xsd/surefire-test-report.xsd" name="main.AppTest" time="0.024" tests="1" errors="0" skipped="0" failures="0">
  <properties>
    <property name="sun.desktop" value="windows"/>
    <property name="awt.toolkit" value="sun.awt.windows.WToolkit"/>
    <property name="file.encoding.pkg" value="sun.io"/>
    <property name="java.specification.version" value="1.8"/>
    <property name="sun.cpu.isalist" value="amd64"/>
    <property name="sun.jnu.encoding" value="Cp1252"/>
    <property name="java.class.path" value="C:\Users\Aluno\Desktop\exemplo-conexao-java-mysql-jpa\target\test-classes;C:\Users\Aluno\Desktop\exemplo-conexao-java-mysql-jpa\target\classes;D:\.m2\org\hibernate\hibernate-core\5.2.6.Final\hibernate-core-5.2.6.Final.jar;D:\.m2\org\jboss\logging\jboss-logging\3.3.0.Final\jboss-logging-3.3.0.Final.jar;D:\.m2\org\hibernate\javax\persistence\hibernate-jpa-2.1-api\1.0.0.Final\hibernate-jpa-2.1-api-1.0.0.Final.jar;D:\.m2\org\javassist\javassist\3.20.0-GA\javassist-3.20.0-GA.jar;D:\.m2\antlr\antlr\2.7.7\antlr-2.7.7.jar;D:\.m2\org\apache\geronimo\specs\geronimo-jta_1.1_spec\1.1.1\geronimo-jta_1.1_spec-1.1.1.jar;D:\.m2\org\jboss\jandex\2.0.3.Final\jandex-2.0.3.Final.jar;D:\.m2\com\fasterxml\classmate\1.3.0\classmate-1.3.0.jar;D:\.m2\dom4j\dom4j\1.6.1\dom4j-1.6.1.jar;D:\.m2\org\hibernate\common\hibernate-commons-annotations\5.0.1.Final\hibernate-commons-annotations-5.0.1.Final.jar;D:\.m2\javax\enterprise\cdi-api\1.1\cdi-api-1.1.jar;D:\.m2\javax\el\el-api\2.2\el-api-2.2.jar;D:\.m2\org\jboss\spec\javax\interceptor\jboss-interceptors-api_1.1_spec\1.0.0.Beta1\jboss-interceptors-api_1.1_spec-1.0.0.Beta1.jar;D:\.m2\javax\annotation\jsr250-api\1.0\jsr250-api-1.0.jar;D:\.m2\javax\inject\javax.inject\1\javax.inject-1.jar;D:\.m2\org\hibernate\hibernate-entitymanager\5.2.6.Final\hibernate-entitymanager-5.2.6.Final.jar;D:\.m2\net\bytebuddy\byte-buddy\1.5.4\byte-buddy-1.5.4.jar;D:\.m2\junit\junit\4.11\junit-4.11.jar;D:\.m2\org\hamcrest\hamcrest-core\1.3\hamcrest-core-1.3.jar;D:\.m2\mysql\mysql-connector-java\8.0.11\mysql-connector-java-8.0.11.jar;D:\.m2\com\google\protobuf\protobuf-java\2.6.0\protobuf-java-2.6.0.jar;"/>
    <property name="java.vm.vendor" value="Oracle Corporation"/>
    <property name="sun.arch.data.model" value="64"/>
    <property name="user.variant" value=""/>
    <property name="java.vendor.url" value="http://java.oracle.com/"/>
    <property name="user.timezone" value=""/>
    <property name="java.vm.specification.version" value="1.8"/>
    <property name="os.name" value="Windows 7"/>
    <property name="user.country" value="BR"/>
    <property name="sun.java.launcher" value="SUN_STANDARD"/>
    <property name="sun.boot.library.path" value="C:\Program Files\Java\jdk1.8.0_151\jre\bin"/>
    <property name="sun.java.command" value="C:\Users\Aluno\AppData\Local\Temp\surefire9120243784086425086\surefirebooter3320389747932977135.jar C:\Users\Aluno\AppData\Local\Temp\surefire9120243784086425086 2018-08-07T09-28-42_282-jvmRun1 surefire6805700272013096545tmp surefire_0441395607533351583tmp"/>
    <property name="surefire.test.class.path" value="C:\Users\Aluno\Desktop\exemplo-conexao-java-mysql-jpa\target\test-classes;C:\Users\Aluno\Desktop\exemplo-conexao-java-mysql-jpa\target\classes;D:\.m2\org\hibernate\hibernate-core\5.2.6.Final\hibernate-core-5.2.6.Final.jar;D:\.m2\org\jboss\logging\jboss-logging\3.3.0.Final\jboss-logging-3.3.0.Final.jar;D:\.m2\org\hibernate\javax\persistence\hibernate-jpa-2.1-api\1.0.0.Final\hibernate-jpa-2.1-api-1.0.0.Final.jar;D:\.m2\org\javassist\javassist\3.20.0-GA\javassist-3.20.0-GA.jar;D:\.m2\antlr\antlr\2.7.7\antlr-2.7.7.jar;D:\.m2\org\apache\geronimo\specs\geronimo-jta_1.1_spec\1.1.1\geronimo-jta_1.1_spec-1.1.1.jar;D:\.m2\org\jboss\jandex\2.0.3.Final\jandex-2.0.3.Final.jar;D:\.m2\com\fasterxml\classmate\1.3.0\classmate-1.3.0.jar;D:\.m2\dom4j\dom4j\1.6.1\dom4j-1.6.1.jar;D:\.m2\org\hibernate\common\hibernate-commons-annotations\5.0.1.Final\hibernate-commons-annotations-5.0.1.Final.jar;D:\.m2\javax\enterprise\cdi-api\1.1\cdi-api-1.1.jar;D:\.m2\javax\el\el-api\2.2\el-api-2.2.jar;D:\.m2\org\jboss\spec\javax\interceptor\jboss-interceptors-api_1.1_spec\1.0.0.Beta1\jboss-interceptors-api_1.1_spec-1.0.0.Beta1.jar;D:\.m2\javax\annotation\jsr250-api\1.0\jsr250-api-1.0.jar;D:\.m2\javax\inject\javax.inject\1\javax.inject-1.jar;D:\.m2\org\hibernate\hibernate-entitymanager\5.2.6.Final\hibernate-entitymanager-5.2.6.Final.jar;D:\.m2\net\bytebuddy\byte-buddy\1.5.4\byte-buddy-1.5.4.jar;D:\.m2\junit\junit\4.11\junit-4.11.jar;D:\.m2\org\hamcrest\hamcrest-core\1.3\hamcrest-core-1.3.jar;D:\.m2\mysql\mysql-connector-java\8.0.11\mysql-connector-java-8.0.11.jar;D:\.m2\com\google\protobuf\protobuf-java\2.6.0\protobuf-java-2.6.0.jar;"/>
    <property name="sun.cpu.endian" value="little"/>
    <property name="user.home" value="C:\Users\Aluno"/>
    <property name="user.language" value="pt"/>
    <property name="java.specification.vendor" value="Oracle Corporation"/>
    <property name="java.home" value="C:\Program Files\Java\jdk1.8.0_151\jre"/>
    <property name="basedir" value="C:\Users\Aluno\Desktop\exemplo-conexao-java-mysql-jpa"/>
    <property name="file.separator" value="\"/>
    <property name="line.separator" value="&#10;"/>
    <property name="java.vm.specification.vendor" value="Oracle Corporation"/>
    <property name="java.specification.name" value="Java Platform API Specification"/>
    <property name="java.awt.graphicsenv" value="sun.awt.Win32GraphicsEnvironment"/>
    <property name="surefire.real.class.path" value="C:\Users\Aluno\AppData\Local\Temp\surefire9120243784086425086\surefirebooter3320389747932977135.jar"/>
    <property name="sun.boot.class.path" value="C:\Program Files\Java\jdk1.8.0_151\jre\lib\resources.jar;C:\Program Files\Java\jdk1.8.0_151\jre\lib\rt.jar;C:\Program Files\Java\jdk1.8.0_151\jre\lib\sunrsasign.jar;C:\Program Files\Java\jdk1.8.0_151\jre\lib\jsse.jar;C:\Program Files\Java\jdk1.8.0_151\jre\lib\jce.jar;C:\Program Files\Java\jdk1.8.0_151\jre\lib\charsets.jar;C:\Program Files\Java\jdk1.8.0_151\jre\lib\jfr.jar;C:\Program Files\Java\jdk1.8.0_151\jre\classes"/>
    <property name="user.script" value=""/>
    <property name="sun.management.compiler" value="HotSpot 64-Bit Tiered Compilers"/>
    <property name="java.runtime.version" value="1.8.0_151-b12"/>
    <property name="user.name" value="Aluno"/>
    <property name="path.separator" value=";"/>
    <property name="os.version" value="6.1"/>
    <property name="java.endorsed.dirs" value="C:\Program Files\Java\jdk1.8.0_151\jre\lib\endorsed"/>
    <property name="java.runtime.name" value="Java(TM) SE Runtime Environment"/>
    <property name="file.encoding" value="Cp1252"/>
    <property name="java.vm.name" value="Java HotSpot(TM) 64-Bit Server VM"/>
    <property name="localRepository" value="D:\.m2"/>
    <property name="java.vendor.url.bug" value="http://bugreport.sun.com/bugreport/"/>
    <property name="java.io.tmpdir" value="C:\Users\Aluno\AppData\Local\Temp\"/>
    <property name="java.version" value="1.8.0_151"/>
    <property name="user.dir" value="C:\Users\Aluno\Desktop\exemplo-conexao-java-mysql-jpa"/>
    <property name="os.arch" value="amd64"/>
    <property name="java.vm.specification.name" value="Java Virtual Machine Specification"/>
    <property name="java.awt.printerjob" value="sun.awt.windows.WPrinterJob"/>
    <property name="sun.os.patch.level" value="Service Pack 1"/>
    <property name="java.library.path" value="C:\Program Files\Java\jdk1.8.0_151\jre\bin;C:\Windows\Sun\Java\bin;C:\Windows\system32;C:\Windows;C:\Program Files (x86)\Intel\iCLS Client\;C:\Program Files\Intel\iCLS Client\;C:\ProgramData\Oracle\Java\javapath;C:\Windows\system32;C:\Windows;C:\Windows\System32\Wbem;C:\Windows\System32\WindowsPowerShell\v1.0\;c:\Program Files (x86)\Microsoft SQL Server\100\Tools\Binn\;c:\Program Files\Microsoft SQL Server\100\Tools\Binn\;c:\Program Files\Microsoft SQL Server\100\DTS\Binn\;c:\Program Files (x86)\Microsoft SQL Server\100\Tools\Binn\VSShell\Common7\IDE\;c:\Program Files (x86)\Microsoft SQL Server\100\DTS\Binn\;C:\Program Files\nodejs\;C:\Users\Aluno\gradle-4.4.1-bin\gradle-4.4.1\bin;%ANDROID_HOME%\platform-tools;%ANDROID_HOME%\tools\bin;%ANDROID_HOME%\tools;C:\Program Files\Notepad++;C:\Users\Aluno\apache-maven-3.5.2/bin;C:\Program Files (x86)\Intel\UCRT\;C:\Program Files\Intel\UCRT\;C:\Program Files (x86)\Intel\Intel(R) Management Engine Components\DAL;C:\Program Files\Intel\Intel(R) Management Engine Components\DAL;C:\Program Files (x86)\Intel\Intel(R) Management Engine Components\IPT;C:\Program Files\Intel\Intel(R) Management Engine Components\IPT;C:\ProgramData\Oracle\Java\javapath;C:\Windows\system32;C:\Windows;C:\Windows\System32\Wbem;C:\Windows\System32\WindowsPowerShell\v1.0\;c:\Program Files (x86)\Microsoft SQL Server\100\Tools\Binn\;c:\Program Files\Microsoft SQL Server\100\Tools\Binn\;c:\Program Files\Microsoft SQL Server\100\DTS\Binn\;c:\Program Files (x86)\Microsoft SQL Server\100\Tools\Binn\VSShell\Common7\IDE\;c:\Program Files (x86)\Microsoft SQL Server\100\DTS\Binn\;C:\Users\Aluno\AppData\Local\Programs\Git\cmd;C:\Users\Aluno\AppData\Roaming\npm;."/>
    <property name="java.vm.info" value="mixed mode"/>
    <property name="java.vendor" value="Oracle Corporation"/>
    <property name="java.vm.version" value="25.151-b12"/>
    <property name="java.ext.dirs" value="C:\Program Files\Java\jdk1.8.0_151\jre\lib\ext;C:\Windows\Sun\Java\lib\ext"/>
    <property name="sun.io.unicode.encoding" value="UnicodeLittle"/>
    <property name="java.class.version" value="52.0"/>
  </properties>
  <testcase name="shouldAnswerWithTrue" classname="main.AppTest" time="0.001"/>
</testsuite>